launcher/build/intermediates/manifest_merge_blame_file/debug/manifest-merger-blame-debug-report.txt
1<?xml version="1.0" encoding="utf-8"?>
2<!-- GENERATED BY UNITY. REMOVE THIS COMMENT TO PREVENT OVERWRITING WHEN EXPORTING AGAIN -->
3<manifest xmlns:android="http://schemas.android.com/apk/res/android"
4    package="com.ARGift.ARGiftDemo"
5    android:installLocation="preferExternal"
6    android:versionCode="1"
7    android:versionName="0.2" >
8
9    <uses-sdk
10        android:minSdkVersion="26"
10-->src/main/AndroidManifest.xml
11        android:targetSdkVersion="29" />
11-->src/main/AndroidManifest.xml
12
13    <supports-screens
13-->src/main/AndroidManifest.xml:4:3-163
14        android:anyDensity="true"
14-->src/main/AndroidManifest.xml:4:135-160
15        android:largeScreens="true"
15-->src/main/AndroidManifest.xml:4:78-105
16        android:normalScreens="true"
16-->src/main/AndroidManifest.xml:4:49-77
17        android:smallScreens="true"
17-->src/main/AndroidManifest.xml:4:21-48
18        android:xlargeScreens="true" />
18-->src/main/AndroidManifest.xml:4:106-134
19
20    <uses-feature android:glEsVersion="0x00030000" />
20-->[:unityLibrary] AndroidManifest.xml:13:5-54
20-->[:unityLibrary] AndroidManifest.xml:13:19-51
21
22    <uses-permission android:name="android.permission.INTERNET" />
22-->[:unityLibrary] AndroidManifest.xml:15:5-67
22-->[:unityLibrary] AndroidManifest.xml:15:22-64
23
24    <uses-feature
24-->[:unityLibrary] AndroidManifest.xml:17:5-19:36
25        android:name="android.hardware.touchscreen"
25-->[:unityLibrary] AndroidManifest.xml:18:9-52
26        android:required="false" />
26-->[:unityLibrary] AndroidManifest.xml:19:9-33
27    <uses-feature
27-->[:unityLibrary] AndroidManifest.xml:20:5-22:36
28        android:name="android.hardware.touchscreen.multitouch"
28-->[:unityLibrary] AndroidManifest.xml:21:9-63
29        android:required="false" />
29-->[:unityLibrary] AndroidManifest.xml:22:9-33
30    <uses-feature
30-->[:unityLibrary] AndroidManifest.xml:23:5-25:36
31        android:name="android.hardware.touchscreen.multitouch.distinct"
31-->[:unityLibrary] AndroidManifest.xml:24:9-72
32        android:required="false" />
32-->[:unityLibrary] AndroidManifest.xml:25:9-33
33
34    <uses-permission android:name="android.permission.CAMERA" />
34-->[:unityLibrary] AndroidManifest.xml:27:5-65
34-->[:unityLibrary] AndroidManifest.xml:27:22-62
35
36    <uses-feature
36-->[:unityLibrary] AndroidManifest.xml:29:5-31:35
37        android:name="android.hardware.camera.ar"
37-->[:unityLibrary] AndroidManifest.xml:30:9-50
38        android:required="true" />
38-->[:unityLibrary] AndroidManifest.xml:31:9-32
39
40    <queries>
40-->[:arcore_client:] AndroidManifest.xml:29:5-31:15
41        <package android:name="com.google.ar.core" />
41-->[:arcore_client:] AndroidManifest.xml:30:9-54
41-->[:arcore_client:] AndroidManifest.xml:30:18-51
42    </queries>
43
44    <application
44-->src/main/AndroidManifest.xml:5:3-83
45        android:debuggable="true"
46        android:extractNativeLibs="false"
47        android:icon="@mipmap/app_icon"
47-->src/main/AndroidManifest.xml:5:49-80
48        android:label="@string/app_name" >
48-->src/main/AndroidManifest.xml:5:16-48
49        <activity
49-->[:unityLibrary] AndroidManifest.xml:34:9-53:20
50            android:name="com.unity3d.player.UnityPlayerActivity"
50-->[:unityLibrary] AndroidManifest.xml:35:13-66
51            android:configChanges="mcc|mnc|locale|touchscreen|keyboard|keyboardHidden|navigation|orientation|screenLayout|uiMode|screenSize|smallestScreenSize|fontScale|layoutDirection|density"
51-->[:unityLibrary] AndroidManifest.xml:36:13-194
52            android:hardwareAccelerated="false"
52-->[:unityLibrary] AndroidManifest.xml:37:13-48
53            android:launchMode="singleTask"
53-->[:unityLibrary] AndroidManifest.xml:38:13-44
54            android:screenOrientation="fullSensor"
54-->[:unityLibrary] AndroidManifest.xml:39:13-51
55            android:theme="@style/UnityThemeSelector" >
55-->[:unityLibrary] AndroidManifest.xml:40:13-54
56            <intent-filter>
56-->[:unityLibrary] AndroidManifest.xml:41:13-45:29
57                <action android:name="android.intent.action.MAIN" />
57-->[:unityLibrary] AndroidManifest.xml:42:17-69
57-->[:unityLibrary] AndroidManifest.xml:42:25-66
58
59                <category android:name="android.intent.category.LAUNCHER" />
59-->[:unityLibrary] AndroidManifest.xml:44:17-77
59-->[:unityLibrary] AndroidManifest.xml:44:27-74
60            </intent-filter>
61
62            <meta-data
62-->[:unityLibrary] AndroidManifest.xml:47:13-49:40
63                android:name="unityplayer.UnityActivity"
63-->[:unityLibrary] AndroidManifest.xml:48:17-57
64                android:value="true" />
64-->[:unityLibrary] AndroidManifest.xml:49:17-37
65            <meta-data
65-->[:unityLibrary] AndroidManifest.xml:50:13-52:40
66                android:name="android.notch_support"
66-->[:unityLibrary] AndroidManifest.xml:51:17-53
67                android:value="true" />
67-->[:unityLibrary] AndroidManifest.xml:52:17-37
68        </activity>
69
70        <meta-data
70-->[:unityLibrary] AndroidManifest.xml:55:9-57:33
71            android:name="unity.splash-mode"
71-->[:unityLibrary] AndroidManifest.xml:56:13-45
72            android:value="0" />
72-->[:unityLibrary] AndroidManifest.xml:57:13-30
73        <meta-data
73-->[:unityLibrary] AndroidManifest.xml:58:9-60:36
74            android:name="unity.splash-enable"
74-->[:unityLibrary] AndroidManifest.xml:59:13-47
75            android:value="True" />
75-->[:unityLibrary] AndroidManifest.xml:60:13-33
76        <meta-data
76-->[:unityLibrary] AndroidManifest.xml:61:9-63:50
77            android:name="notch.config"
77-->[:unityLibrary] AndroidManifest.xml:62:13-40
78            android:value="portrait|landscape" />
78-->[:unityLibrary] AndroidManifest.xml:63:13-47
79        <meta-data
79-->[:unityLibrary] AndroidManifest.xml:64:9-66:68
80            android:name="unity.build-id"
80-->[:unityLibrary] AndroidManifest.xml:65:13-42
81            android:value="8f5c3b89-5d83-4423-adc7-a1fddd86845a" />
81-->[:unityLibrary] AndroidManifest.xml:66:13-65
82        <meta-data
82-->[:unityLibrary] AndroidManifest.xml:67:9-69:36
83            android:name="unityplayer.SkipPermissionsDialog"
83-->[:unityLibrary] AndroidManifest.xml:68:13-61
84            android:value="true" />
84-->[:unityLibrary] AndroidManifest.xml:69:13-33
85        <meta-data
85-->[:unityLibrary] AndroidManifest.xml:70:9-72:40
86            android:name="com.google.ar.core"
86-->[:unityLibrary] AndroidManifest.xml:71:13-46
87            android:value="required" /> <!-- The minimal version code of ARCore APK required for an app using this SDK. -->
87-->[:unityLibrary] AndroidManifest.xml:72:13-37
88        <meta-data
88-->[:arcore_client:] AndroidManifest.xml:36:9-38:41
89            android:name="com.google.ar.core.min_apk_version"
89-->[:arcore_client:] AndroidManifest.xml:37:13-62
90            android:value="201750000" /> <!-- This activity is critical for installing ARCore when it is not already present. -->
90-->[:arcore_client:] AndroidManifest.xml:38:13-38
91        <activity
91-->[:arcore_client:] AndroidManifest.xml:40:9-46:80
92            android:name="com.google.ar.core.InstallActivity"
92-->[:arcore_client:] AndroidManifest.xml:41:13-62
93            android:configChanges="keyboardHidden|orientation|screenSize"
93-->[:arcore_client:] AndroidManifest.xml:42:13-74
94            android:excludeFromRecents="true"
94-->[:arcore_client:] AndroidManifest.xml:43:13-46
95            android:exported="false"
95-->[:arcore_client:] AndroidManifest.xml:44:13-37
96            android:launchMode="singleTop"
96-->[:arcore_client:] AndroidManifest.xml:45:13-43
97            android:theme="@android:style/Theme.Material.Light.Dialog.Alert" />
97-->[:arcore_client:] AndroidManifest.xml:46:13-77
98    </application>
99
100</manifest>